0 info it worked if it ends with ok
1 verbose cli [ 'C:\\Program Files\\nodejs\\node.exe',
1 verbose cli   'C:\\Program Files\\nodejs\\node_modules\\npm\\bin\\npm-cli.js',
1 verbose cli   'run',
1 verbose cli   'lite' ]
2 info using npm@4.0.1
3 info using node@v4.5.0
4 verbose run-script [ 'prelite', 'lite', 'postlite' ]
5 info lifecycle angular-2@1.0.0~prelite: angular-2@1.0.0
6 silly lifecycle angular-2@1.0.0~prelite: no script for prelite, continuing
7 info lifecycle angular-2@1.0.0~lite: angular-2@1.0.0
8 verbose lifecycle angular-2@1.0.0~lite: unsafe-perm in lifecycle true
9 verbose lifecycle angular-2@1.0.0~lite: PATH: C:\Program Files\nodejs\node_modules\npm\bin\node-gyp-bin;C:\Users\m.gigena\Downloads\angular-2-template\node_modules\.bin;C:\Program Files\nodejs\node_modules\npm\bin\node-gyp-bin;C:\Users\m.gigena\Downloads\angular-2-template\node_modules\.bin;C:\ProgramData\Oracle\Java\javapath;C:\Windows\system32;C:\Windows;C:\Windows\System32\Wbem;C:\Windows\System32\WindowsPowerShell\v1.0\;C:\Program Files\TortoiseSVN\bin;C:\Program Files (x86)\Skype\Phone\;C:\Program Files\nodejs\;C:\Program Files\Java\jdk1.8.0_102\bin;C:\Program Files\Apache Maven 3.3.9\bin;C:\Users\m.gigena\AppData\Local\Android\android-sdk;C:\Users\m.gigena\AppData\Local\Android\android-sdk\tools;C:\Users\m.gigena\AppData\Local\Android\android-sdk\platform-tools;C:\Users\m.gigena\AppData\Local\Android\android-sdk\build-tools;C:\Users\m.gigena\AppData\Roaming\npm;C:\Program Files\gradle-3.1/bin;C:\Program Files\MongoDB\Server\3.2\bin
10 verbose lifecycle angular-2@1.0.0~lite: CWD: C:\Users\m.gigena\Downloads\angular-2-template
11 silly lifecycle angular-2@1.0.0~lite: Args: [ '/d /s /c', 'lite-server' ]
12 silly lifecycle angular-2@1.0.0~lite: Returned: code: 1  signal: null
13 info lifecycle angular-2@1.0.0~lite: Failed to exec lite script
14 verbose stack Error: angular-2@1.0.0 lite: `lite-server`
14 verbose stack Exit status 1
14 verbose stack     at EventEmitter.<anonymous> (C:\Program Files\nodejs\node_modules\npm\lib\utils\lifecycle.js:279:16)
14 verbose stack     at emitTwo (events.js:87:13)
14 verbose stack     at EventEmitter.emit (events.js:172:7)
14 verbose stack     at ChildProcess.<anonymous> (C:\Program Files\nodejs\node_modules\npm\lib\utils\spawn.js:40:14)
14 verbose stack     at emitTwo (events.js:87:13)
14 verbose stack     at ChildProcess.emit (events.js:172:7)
14 verbose stack     at maybeClose (internal/child_process.js:829:16)
14 verbose stack     at Process.ChildProcess._handle.onexit (internal/child_process.js:211:5)
15 verbose pkgid angular-2@1.0.0
16 verbose cwd C:\Users\m.gigena\Downloads\angular-2-template
17 error Windows_NT 6.3.9600
18 error argv "C:\\Program Files\\nodejs\\node.exe" "C:\\Program Files\\nodejs\\node_modules\\npm\\bin\\npm-cli.js" "run" "lite"
19 error node v4.5.0
20 error npm  v4.0.1
21 error code ELIFECYCLE
22 error angular-2@1.0.0 lite: `lite-server`
22 error Exit status 1
23 error Failed at the angular-2@1.0.0 lite script 'lite-server'.
23 error Make sure you have the latest version of node.js and npm installed.
23 error If you do, this is most likely a problem with the angular-2 package,
23 error not with npm itself.
23 error Tell the author that this fails on your system:
23 error     lite-server
23 error You can get information on how to open an issue for this project with:
23 error     npm bugs angular-2
23 error Or if that isn't available, you can get their info via:
23 error     npm owner ls angular-2
23 error There is likely additional logging output above.
24 verbose exit [ 1, true ]
